Determining if the pthread_create exist failed with the following output:
Change Dir: /home/nvidia/kd_px4_can/build/mavros_extras/CMakeFiles/CMakeTmp

Run Build Command:"/usr/bin/make" "cmTC_8867d/fast"
/usr/bin/make -f CMakeFiles/cmTC_8867d.dir/build.make CMakeFiles/cmTC_8867d.dir/build
make[1]: Entering directory '/home/nvidia/kd_px4_can/build/mavros_extras/CMakeFiles/CMakeTmp'
Building C object CMakeFiles/cmTC_8867d.dir/CheckSymbolExists.c.o
/usr/bin/cc     -o CMakeFiles/cmTC_8867d.dir/CheckSymbolExists.c.o   -c /home/nvidia/kd_px4_can/build/mavros_extras/CMakeFiles/CMakeTmp/CheckSymbolExists.c
Linking C executable cmTC_8867d
/usr/bin/cmake -E cmake_link_script CMakeFiles/cmTC_8867d.dir/link.txt --verbose=1
/usr/bin/cc       CMakeFiles/cmTC_8867d.dir/CheckSymbolExists.c.o  -o cmTC_8867d -rdynamic 
CMakeFiles/cmTC_8867d.dir/CheckSymbolExists.c.o: In function `main':
CheckSymbolExists.c:(.text+0x14): undefined reference to `pthread_create'
CheckSymbolExists.c:(.text+0x18): undefined reference to `pthread_create'
collect2: error: ld returned 1 exit status
CMakeFiles/cmTC_8867d.dir/build.make:97: recipe for target 'cmTC_8867d' failed
make[1]: *** [cmTC_8867d] Error 1
make[1]: Leaving directory '/home/nvidia/kd_px4_can/build/mavros_extras/CMakeFiles/CMakeTmp'
Makefile:126: recipe for target 'cmTC_8867d/fast' failed
make: *** [cmTC_8867d/fast] Error 2

File /home/nvidia/kd_px4_can/build/mavros_extras/CMakeFiles/CMakeTmp/CheckSymbolExists.c:
/* */
#include <pthread.h>

int main(int argc, char** argv)
{
  (void)argv;
#ifndef pthread_create
  return ((int*)(&pthread_create))[argc];
#else
  (void)argc;
  return 0;
#endif
}

Determining if the function pthread_create exists in the pthreads failed with the following output:
Change Dir: /home/nvidia/kd_px4_can/build/mavros_extras/CMakeFiles/CMakeTmp

Run Build Command:"/usr/bin/make" "cmTC_61c3f/fast"
/usr/bin/make -f CMakeFiles/cmTC_61c3f.dir/build.make CMakeFiles/cmTC_61c3f.dir/build
make[1]: Entering directory '/home/nvidia/kd_px4_can/build/mavros_extras/CMakeFiles/CMakeTmp'
Building C object CMakeFiles/cmTC_61c3f.dir/CheckFunctionExists.c.o
/usr/bin/cc    -DCHECK_FUNCTION_EXISTS=pthread_create   -o CMakeFiles/cmTC_61c3f.dir/CheckFunctionExists.c.o   -c /usr/share/cmake-3.5/Modules/CheckFunctionExists.c
Linking C executable cmTC_61c3f
/usr/bin/cmake -E cmake_link_script CMakeFiles/cmTC_61c3f.dir/link.txt --verbose=1
/usr/bin/cc   -DCHECK_FUNCTION_EXISTS=pthread_create    CMakeFiles/cmTC_61c3f.dir/CheckFunctionExists.c.o  -o cmTC_61c3f -rdynamic -lpthreads 
/usr/bin/ld: cannot find -lpthreads
collect2: error: ld returned 1 exit status
CMakeFiles/cmTC_61c3f.dir/build.make:97: recipe for target 'cmTC_61c3f' failed
make[1]: *** [cmTC_61c3f] Error 1
make[1]: Leaving directory '/home/nvidia/kd_px4_can/build/mavros_extras/CMakeFiles/CMakeTmp'
Makefile:126: recipe for target 'cmTC_61c3f/fast' failed
make: *** [cmTC_61c3f/fast] Error 2


