Determining if the pthread_create exist failed with the following output:
Change Dir: /home/nvidia/kd_px4_can/build/can_msgs/CMakeFiles/CMakeTmp

Run Build Command:"/usr/bin/make" "cmTC_2178f/fast"
/usr/bin/make -f CMakeFiles/cmTC_2178f.dir/build.make CMakeFiles/cmTC_2178f.dir/build
make[1]: Entering directory '/home/nvidia/kd_px4_can/build/can_msgs/CMakeFiles/CMakeTmp'
Building C object CMakeFiles/cmTC_2178f.dir/CheckSymbolExists.c.o
/usr/bin/cc     -o CMakeFiles/cmTC_2178f.dir/CheckSymbolExists.c.o   -c /home/nvidia/kd_px4_can/build/can_msgs/CMakeFiles/CMakeTmp/CheckSymbolExists.c
Linking C executable cmTC_2178f
/usr/bin/cmake -E cmake_link_script CMakeFiles/cmTC_2178f.dir/link.txt --verbose=1
/usr/bin/cc       CMakeFiles/cmTC_2178f.dir/CheckSymbolExists.c.o  -o cmTC_2178f -rdynamic 
CMakeFiles/cmTC_2178f.dir/CheckSymbolExists.c.o: In function `main':
CheckSymbolExists.c:(.text+0x14): undefined reference to `pthread_create'
CheckSymbolExists.c:(.text+0x18): undefined reference to `pthread_create'
collect2: error: ld returned 1 exit status
CMakeFiles/cmTC_2178f.dir/build.make:97: recipe for target 'cmTC_2178f' failed
make[1]: *** [cmTC_2178f] Error 1
make[1]: Leaving directory '/home/nvidia/kd_px4_can/build/can_msgs/CMakeFiles/CMakeTmp'
Makefile:126: recipe for target 'cmTC_2178f/fast' failed
make: *** [cmTC_2178f/fast] Error 2

File /home/nvidia/kd_px4_can/build/can_msgs/CMakeFiles/CMakeTmp/CheckSymbolExists.c:
/* */
#include <pthread.h>

int main(int argc, char** argv)
{
  (void)argv;
#ifndef pthread_create
  return ((int*)(&pthread_create))[argc];
#else
  (void)argc;
  return 0;
#endif
}

Determining if the function pthread_create exists in the pthreads failed with the following output:
Change Dir: /home/nvidia/kd_px4_can/build/can_msgs/CMakeFiles/CMakeTmp

Run Build Command:"/usr/bin/make" "cmTC_35c0e/fast"
/usr/bin/make -f CMakeFiles/cmTC_35c0e.dir/build.make CMakeFiles/cmTC_35c0e.dir/build
make[1]: Entering directory '/home/nvidia/kd_px4_can/build/can_msgs/CMakeFiles/CMakeTmp'
Building C object CMakeFiles/cmTC_35c0e.dir/CheckFunctionExists.c.o
/usr/bin/cc    -DCHECK_FUNCTION_EXISTS=pthread_create   -o CMakeFiles/cmTC_35c0e.dir/CheckFunctionExists.c.o   -c /usr/share/cmake-3.5/Modules/CheckFunctionExists.c
Linking C executable cmTC_35c0e
/usr/bin/cmake -E cmake_link_script CMakeFiles/cmTC_35c0e.dir/link.txt --verbose=1
/usr/bin/cc   -DCHECK_FUNCTION_EXISTS=pthread_create    CMakeFiles/cmTC_35c0e.dir/CheckFunctionExists.c.o  -o cmTC_35c0e -rdynamic -lpthreads 
/usr/bin/ld: cannot find -lpthreads
collect2: error: ld returned 1 exit status
CMakeFiles/cmTC_35c0e.dir/build.make:97: recipe for target 'cmTC_35c0e' failed
make[1]: *** [cmTC_35c0e] Error 1
make[1]: Leaving directory '/home/nvidia/kd_px4_can/build/can_msgs/CMakeFiles/CMakeTmp'
Makefile:126: recipe for target 'cmTC_35c0e/fast' failed
make: *** [cmTC_35c0e/fast] Error 2


