Not searching for unused variables given on the command line.
-- Using CATKIN_DEVEL_PREFIX: /home/nvidia/kd_px4_can/devel/.private/can_msgs
-- Using CMAKE_PREFIX_PATH: /home/nvidia/kd_px4_can/devel;/opt/ros/kinetic
-- This workspace overlays: /home/nvidia/kd_px4_can/devel;/opt/ros/kinetic
-- Using PYTHON_EXECUTABLE: /usr/bin/python
-- Using Debian Python package layout
-- Using empy: /usr/bin/empy
-- Using CATKIN_ENABLE_TESTING: ON
-- Call enable_testing()
-- Using CATKIN_TEST_RESULTS_DIR: /home/nvidia/kd_px4_can/build/can_msgs/test_results
-- Found gmock sources under '/usr/src/gmock': gmock will be built
-- Found gtest sources under '/usr/src/gmock': gtests will be built
-- Using Python nosetests: /usr/bin/nosetests-2.7
-- catkin 0.7.18
-- BUILD_SHARED_LIBS is on
-- Using these message generators: gencpp;geneus;genlisp;gennodejs;genpy
-- can_msgs: 3 messages, 0 services
-- Configuring done
-- Generating done
-- Build files have been written to: /home/nvidia/kd_px4_can/build/can_msgs
