Linked: (/home/nvidia/kd_px4_can/devel/.private/can_msgs/lib/pkgconfig/can_msgs.pc, /home/nvidia/kd_px4_can/devel/lib/pkgconfig/can_msgs.pc)
Linked: (/home/nvidia/kd_px4_can/devel/.private/can_msgs/lib/python2.7/dist-packages/can_msgs/__init__.py, /home/nvidia/kd_px4_can/devel/lib/python2.7/dist-packages/can_msgs/__init__.py)
Linked: (/home/nvidia/kd_px4_can/devel/.private/can_msgs/lib/python2.7/dist-packages/can_msgs/msg/_Kd_Can_Frame_Start.py, /home/nvidia/kd_px4_can/devel/lib/python2.7/dist-packages/can_msgs/msg/_Kd_Can_Frame_Start.py)
Linked: (/home/nvidia/kd_px4_can/devel/.private/can_msgs/lib/python2.7/dist-packages/can_msgs/msg/_Frame.py, /home/nvidia/kd_px4_can/devel/lib/python2.7/dist-packages/can_msgs/msg/_Frame.py)
Linked: (/home/nvidia/kd_px4_can/devel/.private/can_msgs/lib/python2.7/dist-packages/can_msgs/msg/__init__.py, /home/nvidia/kd_px4_can/devel/lib/python2.7/dist-packages/can_msgs/msg/__init__.py)
Linked: (/home/nvidia/kd_px4_can/devel/.private/can_msgs/lib/python2.7/dist-packages/can_msgs/msg/_Kd_Can_Frame_End.py, /home/nvidia/kd_px4_can/devel/lib/python2.7/dist-packages/can_msgs/msg/_Kd_Can_Frame_End.py)
Linked: (/home/nvidia/kd_px4_can/devel/.private/can_msgs/share/common-lisp/ros/can_msgs/msg/Frame.lisp, /home/nvidia/kd_px4_can/devel/share/common-lisp/ros/can_msgs/msg/Frame.lisp)
Linked: (/home/nvidia/kd_px4_can/devel/.private/can_msgs/share/common-lisp/ros/can_msgs/msg/_package_Frame.lisp, /home/nvidia/kd_px4_can/devel/share/common-lisp/ros/can_msgs/msg/_package_Frame.lisp)
Linked: (/home/nvidia/kd_px4_can/devel/.private/can_msgs/share/common-lisp/ros/can_msgs/msg/Kd_Can_Frame_Start.lisp, /home/nvidia/kd_px4_can/devel/share/common-lisp/ros/can_msgs/msg/Kd_Can_Frame_Start.lisp)
Linked: (/home/nvidia/kd_px4_can/devel/.private/can_msgs/share/common-lisp/ros/can_msgs/msg/_package.lisp, /home/nvidia/kd_px4_can/devel/share/common-lisp/ros/can_msgs/msg/_package.lisp)
Linked: (/home/nvidia/kd_px4_can/devel/.private/can_msgs/share/common-lisp/ros/can_msgs/msg/_package_Kd_Can_Frame_End.lisp, /home/nvidia/kd_px4_can/devel/share/common-lisp/ros/can_msgs/msg/_package_Kd_Can_Frame_End.lisp)
Linked: (/home/nvidia/kd_px4_can/devel/.private/can_msgs/share/common-lisp/ros/can_msgs/msg/can_msgs-msg.asd, /home/nvidia/kd_px4_can/devel/share/common-lisp/ros/can_msgs/msg/can_msgs-msg.asd)
Linked: (/home/nvidia/kd_px4_can/devel/.private/can_msgs/share/common-lisp/ros/can_msgs/msg/Kd_Can_Frame_End.lisp, /home/nvidia/kd_px4_can/devel/share/common-lisp/ros/can_msgs/msg/Kd_Can_Frame_End.lisp)
Linked: (/home/nvidia/kd_px4_can/devel/.private/can_msgs/share/common-lisp/ros/can_msgs/msg/_package_Kd_Can_Frame_Start.lisp, /home/nvidia/kd_px4_can/devel/share/common-lisp/ros/can_msgs/msg/_package_Kd_Can_Frame_Start.lisp)
Linked: (/home/nvidia/kd_px4_can/devel/.private/can_msgs/share/can_msgs/cmake/can_msgs-msg-extras.cmake, /home/nvidia/kd_px4_can/devel/share/can_msgs/cmake/can_msgs-msg-extras.cmake)
Linked: (/home/nvidia/kd_px4_can/devel/.private/can_msgs/share/can_msgs/cmake/can_msgs-msg-paths.cmake, /home/nvidia/kd_px4_can/devel/share/can_msgs/cmake/can_msgs-msg-paths.cmake)
Linked: (/home/nvidia/kd_px4_can/devel/.private/can_msgs/share/can_msgs/cmake/can_msgsConfig-version.cmake, /home/nvidia/kd_px4_can/devel/share/can_msgs/cmake/can_msgsConfig-version.cmake)
Linked: (/home/nvidia/kd_px4_can/devel/.private/can_msgs/share/can_msgs/cmake/can_msgsConfig.cmake, /home/nvidia/kd_px4_can/devel/share/can_msgs/cmake/can_msgsConfig.cmake)
Linked: (/home/nvidia/kd_px4_can/devel/.private/can_msgs/share/gennodejs/ros/can_msgs/_index.js, /home/nvidia/kd_px4_can/devel/share/gennodejs/ros/can_msgs/_index.js)
Linked: (/home/nvidia/kd_px4_can/devel/.private/can_msgs/share/gennodejs/ros/can_msgs/msg/Kd_Can_Frame_Start.js, /home/nvidia/kd_px4_can/devel/share/gennodejs/ros/can_msgs/msg/Kd_Can_Frame_Start.js)
Linked: (/home/nvidia/kd_px4_can/devel/.private/can_msgs/share/gennodejs/ros/can_msgs/msg/_index.js, /home/nvidia/kd_px4_can/devel/share/gennodejs/ros/can_msgs/msg/_index.js)
Linked: (/home/nvidia/kd_px4_can/devel/.private/can_msgs/share/gennodejs/ros/can_msgs/msg/Frame.js, /home/nvidia/kd_px4_can/devel/share/gennodejs/ros/can_msgs/msg/Frame.js)
Linked: (/home/nvidia/kd_px4_can/devel/.private/can_msgs/share/gennodejs/ros/can_msgs/msg/Kd_Can_Frame_End.js, /home/nvidia/kd_px4_can/devel/share/gennodejs/ros/can_msgs/msg/Kd_Can_Frame_End.js)
Linked: (/home/nvidia/kd_px4_can/devel/.private/can_msgs/share/roseus/ros/can_msgs/manifest.l, /home/nvidia/kd_px4_can/devel/share/roseus/ros/can_msgs/manifest.l)
Linked: (/home/nvidia/kd_px4_can/devel/.private/can_msgs/share/roseus/ros/can_msgs/msg/Frame.l, /home/nvidia/kd_px4_can/devel/share/roseus/ros/can_msgs/msg/Frame.l)
Linked: (/home/nvidia/kd_px4_can/devel/.private/can_msgs/share/roseus/ros/can_msgs/msg/Kd_Can_Frame_End.l, /home/nvidia/kd_px4_can/devel/share/roseus/ros/can_msgs/msg/Kd_Can_Frame_End.l)
Linked: (/home/nvidia/kd_px4_can/devel/.private/can_msgs/share/roseus/ros/can_msgs/msg/Kd_Can_Frame_Start.l, /home/nvidia/kd_px4_can/devel/share/roseus/ros/can_msgs/msg/Kd_Can_Frame_Start.l)
Linked: (/home/nvidia/kd_px4_can/devel/.private/can_msgs/include/can_msgs/Frame.h, /home/nvidia/kd_px4_can/devel/include/can_msgs/Frame.h)
Linked: (/home/nvidia/kd_px4_can/devel/.private/can_msgs/include/can_msgs/Kd_Can_Frame_End.h, /home/nvidia/kd_px4_can/devel/include/can_msgs/Kd_Can_Frame_End.h)
Linked: (/home/nvidia/kd_px4_can/devel/.private/can_msgs/include/can_msgs/Kd_Can_Frame_Start.h, /home/nvidia/kd_px4_can/devel/include/can_msgs/Kd_Can_Frame_Start.h)
