Determining if the pthread_create exist failed with the following output:
Change Dir: /home/nvidia/kd_px4_can/build/libmavconn/CMakeFiles/CMakeTmp

Run Build Command:"/usr/bin/make" "cmTC_126ce/fast"
/usr/bin/make -f CMakeFiles/cmTC_126ce.dir/build.make CMakeFiles/cmTC_126ce.dir/build
make[1]: Entering directory '/home/nvidia/kd_px4_can/build/libmavconn/CMakeFiles/CMakeTmp'
Building C object CMakeFiles/cmTC_126ce.dir/CheckSymbolExists.c.o
/usr/bin/cc     -o CMakeFiles/cmTC_126ce.dir/CheckSymbolExists.c.o   -c /home/nvidia/kd_px4_can/build/libmavconn/CMakeFiles/CMakeTmp/CheckSymbolExists.c
Linking C executable cmTC_126ce
/usr/bin/cmake -E cmake_link_script CMakeFiles/cmTC_126ce.dir/link.txt --verbose=1
/usr/bin/cc       CMakeFiles/cmTC_126ce.dir/CheckSymbolExists.c.o  -o cmTC_126ce -rdynamic 
CMakeFiles/cmTC_126ce.dir/CheckSymbolExists.c.o: In function `main':
CheckSymbolExists.c:(.text+0x14): undefined reference to `pthread_create'
CheckSymbolExists.c:(.text+0x18): undefined reference to `pthread_create'
collect2: error: ld returned 1 exit status
CMakeFiles/cmTC_126ce.dir/build.make:97: recipe for target 'cmTC_126ce' failed
make[1]: *** [cmTC_126ce] Error 1
make[1]: Leaving directory '/home/nvidia/kd_px4_can/build/libmavconn/CMakeFiles/CMakeTmp'
Makefile:126: recipe for target 'cmTC_126ce/fast' failed
make: *** [cmTC_126ce/fast] Error 2

File /home/nvidia/kd_px4_can/build/libmavconn/CMakeFiles/CMakeTmp/CheckSymbolExists.c:
/* */
#include <pthread.h>

int main(int argc, char** argv)
{
  (void)argv;
#ifndef pthread_create
  return ((int*)(&pthread_create))[argc];
#else
  (void)argc;
  return 0;
#endif
}

Determining if the function pthread_create exists in the pthreads failed with the following output:
Change Dir: /home/nvidia/kd_px4_can/build/libmavconn/CMakeFiles/CMakeTmp

Run Build Command:"/usr/bin/make" "cmTC_5df2e/fast"
/usr/bin/make -f CMakeFiles/cmTC_5df2e.dir/build.make CMakeFiles/cmTC_5df2e.dir/build
make[1]: Entering directory '/home/nvidia/kd_px4_can/build/libmavconn/CMakeFiles/CMakeTmp'
Building C object CMakeFiles/cmTC_5df2e.dir/CheckFunctionExists.c.o
/usr/bin/cc    -DCHECK_FUNCTION_EXISTS=pthread_create   -o CMakeFiles/cmTC_5df2e.dir/CheckFunctionExists.c.o   -c /usr/share/cmake-3.5/Modules/CheckFunctionExists.c
Linking C executable cmTC_5df2e
/usr/bin/cmake -E cmake_link_script CMakeFiles/cmTC_5df2e.dir/link.txt --verbose=1
/usr/bin/cc   -DCHECK_FUNCTION_EXISTS=pthread_create    CMakeFiles/cmTC_5df2e.dir/CheckFunctionExists.c.o  -o cmTC_5df2e -rdynamic -lpthreads 
/usr/bin/ld: cannot find -lpthreads
collect2: error: ld returned 1 exit status
CMakeFiles/cmTC_5df2e.dir/build.make:97: recipe for target 'cmTC_5df2e' failed
make[1]: *** [cmTC_5df2e] Error 1
make[1]: Leaving directory '/home/nvidia/kd_px4_can/build/libmavconn/CMakeFiles/CMakeTmp'
Makefile:126: recipe for target 'cmTC_5df2e/fast' failed
make: *** [cmTC_5df2e/fast] Error 2


