-- Using CATKIN_DEVEL_PREFIX: /home/nvidia/kd_px4_can/devel/.private/offboard_pkg
-- Using CMAKE_PREFIX_PATH: /home/nvidia/kd_px4_can/devel;/opt/ros/kinetic
-- This workspace overlays: /home/nvidia/kd_px4_can/devel;/opt/ros/kinetic
-- Using PYTHON_EXECUTABLE: /usr/bin/python
-- Using Debian Python package layout
-- Using empy: /usr/bin/empy
-- Using CATKIN_ENABLE_TESTING: ON
-- Call enable_testing()
-- Using CATKIN_TEST_RESULTS_DIR: /home/nvidia/kd_px4_can/build/offboard_pkg/test_results
-- Found gmock sources under '/usr/src/gmock': gmock will be built
-- Found gtest sources under '/usr/src/gmock': gtests will be built
-- Using Python nosetests: /usr/bin/nosetests-2.7
-- catkin 0.7.18
-- BUILD_SHARED_LIBS is on
-- Configuring done
CMake Error at /home/nvidia/kd_px4_can/src/offboard_pkg/CMakeLists.txt:137 (add_executable):
  Cannot find source file:

    src/offboard_pkg_node.cpp

  Tried extensions .c .C .c++ .cc .cpp .cxx .m .M .mm .h .hh .h++ .hm .hpp
  .hxx .in .txx


CMake Error: CMake can not determine linker language for target: offboard_pkg_node
CMake Error: Cannot determine link language for target "offboard_pkg_node".
-- Generating done
-- Build files have been written to: /home/nvidia/kd_px4_can/build/offboard_pkg
Makefile:878: recipe for target 'cmake_check_build_system' failed
make: *** [cmake_check_build_system] Error 1
