CMakeFiles/offboard_node.dir/src/offboard_node.cpp.o: In function `main':
offboard_node.cpp:(.text+0x90): undefined reference to `ros::init(int&, char**, std::__cxx11::basic_string<char, std::char_traits<char>, std::allocator<char> > const&, unsigned int)'
offboard_node.cpp:(.text+0xc0): undefined reference to `ros::NodeHandle::NodeHandle(std::__cxx11::basic_string<char, std::char_traits<char>, std::allocator<char> > const&, std::map<std::__cxx11::basic_string<char, std::char_traits<char>, std::allocator<char> >, std::__cxx11::basic_string<char, std::char_traits<char>, std::allocator<char> >, std::less<std::__cxx11::basic_string<char, std::char_traits<char>, std::allocator<char> > >, std::allocator<std::pair<std::__cxx11::basic_string<char, std::char_traits<char>, std::allocator<char> > const, std::__cxx11::basic_string<char, std::char_traits<char>, std::allocator<char> > > > > const&)'
offboard_node.cpp:(.text+0x268): undefined reference to `ros::ok()'
offboard_node.cpp:(.text+0x2a0): undefined reference to `ros::spinOnce()'
offboard_node.cpp:(.text+0x2d0): undefined reference to `ros::ok()'
offboard_node.cpp:(.text+0x30c): undefined reference to `ros::spinOnce()'
offboard_node.cpp:(.text+0x35c): undefined reference to `ros::ok()'
offboard_node.cpp:(.text+0x454): undefined reference to `ros::console::g_initialized'
offboard_node.cpp:(.text+0x458): undefined reference to `ros::console::g_initialized'
offboard_node.cpp:(.text+0x474): undefined reference to `ros::console::initialize()'
offboard_node.cpp:(.text+0x4c4): undefined reference to `ros::console::initializeLogLocation(ros::console::LogLocation*, std::__cxx11::basic_string<char, std::char_traits<char>, std::allocator<char> > const&, ros::console::levels::Level)'
offboard_node.cpp:(.text+0x508): undefined reference to `ros::console::setLogLocationLevel(ros::console::LogLocation*, ros::console::levels::Level)'
offboard_node.cpp:(.text+0x514): undefined reference to `ros::console::checkLogLocationEnabled(ros::console::LogLocation*)'
offboard_node.cpp:(.text+0x578): undefined reference to `ros::console::print(ros::console::FilterBase*, void*, ros::console::levels::Level, char const*, int, char const*, char const*, ...)'
offboard_node.cpp:(.text+0x664): undefined reference to `ros::console::g_initialized'
offboard_node.cpp:(.text+0x668): undefined reference to `ros::console::g_initialized'
offboard_node.cpp:(.text+0x684): undefined reference to `ros::console::initialize()'
offboard_node.cpp:(.text+0x6d4): undefined reference to `ros::console::initializeLogLocation(ros::console::LogLocation*, std::__cxx11::basic_string<char, std::char_traits<char>, std::allocator<char> > const&, ros::console::levels::Level)'
offboard_node.cpp:(.text+0x718): undefined reference to `ros::console::setLogLocationLevel(ros::console::LogLocation*, ros::console::levels::Level)'
offboard_node.cpp:(.text+0x724): undefined reference to `ros::console::checkLogLocationEnabled(ros::console::LogLocation*)'
offboard_node.cpp:(.text+0x788): undefined reference to `ros::console::print(ros::console::FilterBase*, void*, ros::console::levels::Level, char const*, int, char const*, char const*, ...)'
offboard_node.cpp:(.text+0x7a0): undefined reference to `ros::spinOnce()'
offboard_node.cpp:(.text+0x7d0): undefined reference to `ros::ServiceClient::~ServiceClient()'
offboard_node.cpp:(.text+0x7d8): undefined reference to `ros::ServiceClient::~ServiceClient()'
offboard_node.cpp:(.text+0x7e0): undefined reference to `ros::Publisher::~Publisher()'
offboard_node.cpp:(.text+0x7e8): undefined reference to `ros::Subscriber::~Subscriber()'
offboard_node.cpp:(.text+0x7f0): undefined reference to `ros::NodeHandle::~NodeHandle()'
offboard_node.cpp:(.text+0x854): undefined reference to `ros::NodeHandle::~NodeHandle()'
offboard_node.cpp:(.text+0x878): undefined reference to `ros::NodeHandle::~NodeHandle()'
offboard_node.cpp:(.text+0x89c): undefined reference to `ros::Subscriber::~Subscriber()'
offboard_node.cpp:(.text+0x8bc): undefined reference to `ros::Subscriber::~Subscriber()'
offboard_node.cpp:(.text+0x8ec): undefined reference to `ros::Publisher::~Publisher()'
offboard_node.cpp:(.text+0x91c): undefined reference to `ros::ServiceClient::~ServiceClient()'
offboard_node.cpp:(.text+0x93c): undefined reference to `ros::ServiceClient::~ServiceClient()'
offboard_node.cpp:(.text+0x96c): undefined reference to `ros::ServiceClient::~ServiceClient()'
offboard_node.cpp:(.text+0x98c): undefined reference to `ros::ServiceClient::~ServiceClient()'
offboard_node.cpp:(.text+0xa94): undefined reference to `ros::ServiceClient::~ServiceClient()'
CMakeFiles/offboard_node.dir/src/offboard_node.cpp.o:offboard_node.cpp:(.text+0xaa4): more undefined references to `ros::ServiceClient::~ServiceClient()' follow
CMakeFiles/offboard_node.dir/src/offboard_node.cpp.o: In function `main':
offboard_node.cpp:(.text+0xab4): undefined reference to `ros::Publisher::~Publisher()'
offboard_node.cpp:(.text+0xac4): undefined reference to `ros::Subscriber::~Subscriber()'
offboard_node.cpp:(.text+0xad4): undefined reference to `ros::NodeHandle::~NodeHandle()'
CMakeFiles/offboard_node.dir/src/offboard_node.cpp.o: In function `ros::ServiceClient::deserializeFailed(std::exception const&)':
offboard_node.cpp:(.text._ZN3ros13ServiceClient17deserializeFailedERKSt9exception[_ZN3ros13ServiceClient17deserializeFailedERKSt9exception]+0x28): undefined reference to `ros::console::g_initialized'
offboard_node.cpp:(.text._ZN3ros13ServiceClient17deserializeFailedERKSt9exception[_ZN3ros13ServiceClient17deserializeFailedERKSt9exception]+0x2c): undefined reference to `ros::console::g_initialized'
offboard_node.cpp:(.text._ZN3ros13ServiceClient17deserializeFailedERKSt9exception[_ZN3ros13ServiceClient17deserializeFailedERKSt9exception]+0x48): undefined reference to `ros::console::initialize()'
offboard_node.cpp:(.text._ZN3ros13ServiceClient17deserializeFailedERKSt9exception[_ZN3ros13ServiceClient17deserializeFailedERKSt9exception]+0x90): undefined reference to `ros::console::initializeLogLocation(ros::console::LogLocation*, std::__cxx11::basic_string<char, std::char_traits<char>, std::allocator<char> > const&, ros::console::levels::Level)'
offboard_node.cpp:(.text._ZN3ros13ServiceClient17deserializeFailedERKSt9exception[_ZN3ros13ServiceClient17deserializeFailedERKSt9exception]+0xcc): undefined reference to `ros::console::setLogLocationLevel(ros::console::LogLocation*, ros::console::levels::Level)'
offboard_node.cpp:(.text._ZN3ros13ServiceClient17deserializeFailedERKSt9exception[_ZN3ros13ServiceClient17deserializeFailedERKSt9exception]+0xd4): undefined reference to `ros::console::checkLogLocationEnabled(ros::console::LogLocation*)'
offboard_node.cpp:(.text._ZN3ros13ServiceClient17deserializeFailedERKSt9exception[_ZN3ros13ServiceClient17deserializeFailedERKSt9exception]+0x154): undefined reference to `ros::console::print(ros::console::FilterBase*, void*, ros::console::levels::Level, char const*, int, char const*, char const*, ...)'
CMakeFiles/offboard_node.dir/src/offboard_node.cpp.o: In function `ros::Subscriber ros::NodeHandle::subscribe<mavros_msgs::State_<std::allocator<void> > >(std::__cxx11::basic_string<char, std::char_traits<char>, std::allocator<char> > const&, unsigned int, void (*)(boost::shared_ptr<mavros_msgs::State_<std::allocator<void> > const> const&), ros::TransportHints const&)':
offboard_node.cpp:(.text._ZN3ros10NodeHandle9subscribeIN11mavros_msgs6State_ISaIvEEEEENS_10SubscriberERKNSt7__cxx1112basic_stringIcSt11char_traitsIcESaIcEEEjPFvRKN5boost10shared_ptrIKT_EEERKNS_14TransportHintsE[_ZN3ros10NodeHandle9subscribeIN11mavros_msgs6State_ISaIvEEEEENS_10SubscriberERKNSt7__cxx1112basic_stringIcSt11char_traitsIcESaIcEEEjPFvRKN5boost10shared_ptrIKT_EEERKNS_14TransportHintsE]+0xb0): undefined reference to `ros::NodeHandle::subscribe(ros::SubscribeOptions&)'
CMakeFiles/offboard_node.dir/src/offboard_node.cpp.o: In function `ros::Publisher ros::NodeHandle::advertise<geometry_msgs::PoseStamped_<std::allocator<void> > >(std::__cxx11::basic_string<char, std::char_traits<char>, std::allocator<char> > const&, unsigned int, bool)':
offboard_node.cpp:(.text._ZN3ros10NodeHandle9advertiseIN13geometry_msgs12PoseStamped_ISaIvEEEEENS_9PublisherERKNSt7__cxx1112basic_stringIcSt11char_traitsIcESaIcEEEjb[_ZN3ros10NodeHandle9advertiseIN13geometry_msgs12PoseStamped_ISaIvEEEEENS_9PublisherERKNSt7__cxx1112basic_stringIcSt11char_traitsIcESaIcEEEjb]+0x94): undefined reference to `ros::NodeHandle::advertise(ros::AdvertiseOptions&)'
CMakeFiles/offboard_node.dir/src/offboard_node.cpp.o: In function `ros::ServiceClient ros::NodeHandle::serviceClient<mavros_msgs::CommandBool>(std::__cxx11::basic_string<char, std::char_traits<char>, std::allocator<char> > const&, bool, std::map<std::__cxx11::basic_string<char, std::char_traits<char>, std::allocator<char> >, std::__cxx11::basic_string<char, std::char_traits<char>, std::allocator<char> >, std::less<std::__cxx11::basic_string<char, std::char_traits<char>, std::allocator<char> > >, std::allocator<std::pair<std::__cxx11::basic_string<char, std::char_traits<char>, std::allocator<char> > const, std::__cxx11::basic_string<char, std::char_traits<char>, std::allocator<char> > > > > const&)':
offboard_node.cpp:(.text._ZN3ros10NodeHandle13serviceClientIN11mavros_msgs11CommandBoolEEENS_13ServiceClientERKNSt7__cxx1112basic_stringIcSt11char_traitsIcESaIcEEEbRKSt3mapISA_SA_St4lessISA_ESaISt4pairISB_SA_EEE[_ZN3ros10NodeHandle13serviceClientIN11mavros_msgs11CommandBoolEEENS_13ServiceClientERKNSt7__cxx1112basic_stringIcSt11char_traitsIcESaIcEEEbRKSt3mapISA_SA_St4lessISA_ESaISt4pairISB_SA_EEE]+0x60): undefined reference to `ros::NodeHandle::serviceClient(ros::ServiceClientOptions&)'
CMakeFiles/offboard_node.dir/src/offboard_node.cpp.o: In function `ros::ServiceClient ros::NodeHandle::serviceClient<mavros_msgs::SetMode>(std::__cxx11::basic_string<char, std::char_traits<char>, std::allocator<char> > const&, bool, std::map<std::__cxx11::basic_string<char, std::char_traits<char>, std::allocator<char> >, std::__cxx11::basic_string<char, std::char_traits<char>, std::allocator<char> >, std::less<std::__cxx11::basic_string<char, std::char_traits<char>, std::allocator<char> > >, std::allocator<std::pair<std::__cxx11::basic_string<char, std::char_traits<char>, std::allocator<char> > const, std::__cxx11::basic_string<char, std::char_traits<char>, std::allocator<char> > > > > const&)':
offboard_node.cpp:(.text._ZN3ros10NodeHandle13serviceClientIN11mavros_msgs7SetModeEEENS_13ServiceClientERKNSt7__cxx1112basic_stringIcSt11char_traitsIcESaIcEEEbRKSt3mapISA_SA_St4lessISA_ESaISt4pairISB_SA_EEE[_ZN3ros10NodeHandle13serviceClientIN11mavros_msgs7SetModeEEENS_13ServiceClientERKNSt7__cxx1112basic_stringIcSt11char_traitsIcESaIcEEEbRKSt3mapISA_SA_St4lessISA_ESaISt4pairISB_SA_EEE]+0x60): undefined reference to `ros::NodeHandle::serviceClient(ros::ServiceClientOptions&)'
CMakeFiles/offboard_node.dir/src/offboard_node.cpp.o: In function `void ros::Publisher::publish<geometry_msgs::PoseStamped_<std::allocator<void> > >(geometry_msgs::PoseStamped_<std::allocator<void> > const&) const':
offboard_node.cpp:(.text._ZNK3ros9Publisher7publishIN13geometry_msgs12PoseStamped_ISaIvEEEEEvRKT_[_ZNK3ros9Publisher7publishIN13geometry_msgs12PoseStamped_ISaIvEEEEEvRKT_]+0x48): undefined reference to `ros::console::g_initialized'
offboard_node.cpp:(.text._ZNK3ros9Publisher7publishIN13geometry_msgs12PoseStamped_ISaIvEEEEEvRKT_[_ZNK3ros9Publisher7publishIN13geometry_msgs12PoseStamped_ISaIvEEEEEvRKT_]+0x4c): undefined reference to `ros::console::g_initialized'
offboard_node.cpp:(.text._ZNK3ros9Publisher7publishIN13geometry_msgs12PoseStamped_ISaIvEEEEEvRKT_[_ZNK3ros9Publisher7publishIN13geometry_msgs12PoseStamped_ISaIvEEEEEvRKT_]+0x68): undefined reference to `ros::console::initialize()'
offboard_node.cpp:(.text._ZNK3ros9Publisher7publishIN13geometry_msgs12PoseStamped_ISaIvEEEEEvRKT_[_ZNK3ros9Publisher7publishIN13geometry_msgs12PoseStamped_ISaIvEEEEEvRKT_]+0xb0): undefined reference to `ros::console::initializeLogLocation(ros::console::LogLocation*, std::__cxx11::basic_string<char, std::char_traits<char>, std::allocator<char> > const&, ros::console::levels::Level)'
offboard_node.cpp:(.text._ZNK3ros9Publisher7publishIN13geometry_msgs12PoseStamped_ISaIvEEEEEvRKT_[_ZNK3ros9Publisher7publishIN13geometry_msgs12PoseStamped_ISaIvEEEEEvRKT_]+0xec): undefined reference to `ros::console::setLogLocationLevel(ros::console::LogLocation*, ros::console::levels::Level)'
offboard_node.cpp:(.text._ZNK3ros9Publisher7publishIN13geometry_msgs12PoseStamped_ISaIvEEEEEvRKT_[_ZNK3ros9Publisher7publishIN13geometry_msgs12PoseStamped_ISaIvEEEEEvRKT_]+0xf4): undefined reference to `ros::console::checkLogLocationEnabled(ros::console::LogLocation*)'
offboard_node.cpp:(.text._ZNK3ros9Publisher7publishIN13geometry_msgs12PoseStamped_ISaIvEEEEEvRKT_[_ZNK3ros9Publisher7publishIN13geometry_msgs12PoseStamped_ISaIvEEEEEvRKT_]+0x168): undefined reference to `ros::console::print(ros::console::FilterBase*, void*, ros::console::levels::Level, char const*, int, char const*, char const*, ...)'
offboard_node.cpp:(.text._ZNK3ros9Publisher7publishIN13geometry_msgs12PoseStamped_ISaIvEEEEEvRKT_[_ZNK3ros9Publisher7publishIN13geometry_msgs12PoseStamped_ISaIvEEEEEvRKT_]+0x16c): undefined reference to `ros::console::g_initialized'
offboard_node.cpp:(.text._ZNK3ros9Publisher7publishIN13geometry_msgs12PoseStamped_ISaIvEEEEEvRKT_[_ZNK3ros9Publisher7publishIN13geometry_msgs12PoseStamped_ISaIvEEEEEvRKT_]+0x170): undefined reference to `ros::console::g_initialized'
offboard_node.cpp:(.text._ZNK3ros9Publisher7publishIN13geometry_msgs12PoseStamped_ISaIvEEEEEvRKT_[_ZNK3ros9Publisher7publishIN13geometry_msgs12PoseStamped_ISaIvEEEEEvRKT_]+0x18c): undefined reference to `ros::console::initialize()'
offboard_node.cpp:(.text._ZNK3ros9Publisher7publishIN13geometry_msgs12PoseStamped_ISaIvEEEEEvRKT_[_ZNK3ros9Publisher7publishIN13geometry_msgs12PoseStamped_ISaIvEEEEEvRKT_]+0x1d4): undefined reference to `ros::console::initializeLogLocation(ros::console::LogLocation*, std::__cxx11::basic_string<char, std::char_traits<char>, std::allocator<char> > const&, ros::console::levels::Level)'
offboard_node.cpp:(.text._ZNK3ros9Publisher7publishIN13geometry_msgs12PoseStamped_ISaIvEEEEEvRKT_[_ZNK3ros9Publisher7publishIN13geometry_msgs12PoseStamped_ISaIvEEEEEvRKT_]+0x210): undefined reference to `ros::console::setLogLocationLevel(ros::console::LogLocation*, ros::console::levels::Level)'
offboard_node.cpp:(.text._ZNK3ros9Publisher7publishIN13geometry_msgs12PoseStamped_ISaIvEEEEEvRKT_[_ZNK3ros9Publisher7publishIN13geometry_msgs12PoseStamped_ISaIvEEEEEvRKT_]+0x218): undefined reference to `ros::console::checkLogLocationEnabled(ros::console::LogLocation*)'
offboard_node.cpp:(.text._ZNK3ros9Publisher7publishIN13geometry_msgs12PoseStamped_ISaIvEEEEEvRKT_[_ZNK3ros9Publisher7publishIN13geometry_msgs12PoseStamped_ISaIvEEEEEvRKT_]+0x270): undefined reference to `ros::console::print(ros::console::FilterBase*, void*, ros::console::levels::Level, char const*, int, char const*, char const*, ...)'
offboard_node.cpp:(.text._ZNK3ros9Publisher7publishIN13geometry_msgs12PoseStamped_ISaIvEEEEEvRKT_[_ZNK3ros9Publisher7publishIN13geometry_msgs12PoseStamped_ISaIvEEEEEvRKT_]+0x274): undefined reference to `ros::console::g_initialized'
offboard_node.cpp:(.text._ZNK3ros9Publisher7publishIN13geometry_msgs12PoseStamped_ISaIvEEEEEvRKT_[_ZNK3ros9Publisher7publishIN13geometry_msgs12PoseStamped_ISaIvEEEEEvRKT_]+0x278): undefined reference to `ros::console::g_initialized'
offboard_node.cpp:(.text._ZNK3ros9Publisher7publishIN13geometry_msgs12PoseStamped_ISaIvEEEEEvRKT_[_ZNK3ros9Publisher7publishIN13geometry_msgs12PoseStamped_ISaIvEEEEEvRKT_]+0x294): undefined reference to `ros::console::initialize()'
offboard_node.cpp:(.text._ZNK3ros9Publisher7publishIN13geometry_msgs12PoseStamped_ISaIvEEEEEvRKT_[_ZNK3ros9Publisher7publishIN13geometry_msgs12PoseStamped_ISaIvEEEEEvRKT_]+0x2dc): undefined reference to `ros::console::initializeLogLocation(ros::console::LogLocation*, std::__cxx11::basic_string<char, std::char_traits<char>, std::allocator<char> > const&, ros::console::levels::Level)'
offboard_node.cpp:(.text._ZNK3ros9Publisher7publishIN13geometry_msgs12PoseStamped_ISaIvEEEEEvRKT_[_ZNK3ros9Publisher7publishIN13geometry_msgs12PoseStamped_ISaIvEEEEEvRKT_]+0x318): undefined reference to `ros::console::setLogLocationLevel(ros::console::LogLocation*, ros::console::levels::Level)'
offboard_node.cpp:(.text._ZNK3ros9Publisher7publishIN13geometry_msgs12PoseStamped_ISaIvEEEEEvRKT_[_ZNK3ros9Publisher7publishIN13geometry_msgs12PoseStamped_ISaIvEEEEEvRKT_]+0x320): undefined reference to `ros::console::checkLogLocationEnabled(ros::console::LogLocation*)'
offboard_node.cpp:(.text._ZNK3ros9Publisher7publishIN13geometry_msgs12PoseStamped_ISaIvEEEEEvRKT_[_ZNK3ros9Publisher7publishIN13geometry_msgs12PoseStamped_ISaIvEEEEEvRKT_]+0x378): undefined reference to `ros::console::print(ros::console::FilterBase*, void*, ros::console::levels::Level, char const*, int, char const*, char const*, ...)'
offboard_node.cpp:(.text._ZNK3ros9Publisher7publishIN13geometry_msgs12PoseStamped_ISaIvEEEEEvRKT_[_ZNK3ros9Publisher7publishIN13geometry_msgs12PoseStamped_ISaIvEEEEEvRKT_]+0x388): undefined reference to `ros::Publisher::Impl::isValid() const'
offboard_node.cpp:(.text._ZNK3ros9Publisher7publishIN13geometry_msgs12PoseStamped_ISaIvEEEEEvRKT_[_ZNK3ros9Publisher7publishIN13geometry_msgs12PoseStamped_ISaIvEEEEEvRKT_]+0x3a0): undefined reference to `ros::console::g_initialized'
offboard_node.cpp:(.text._ZNK3ros9Publisher7publishIN13geometry_msgs12PoseStamped_ISaIvEEEEEvRKT_[_ZNK3ros9Publisher7publishIN13geometry_msgs12PoseStamped_ISaIvEEEEEvRKT_]+0x3a4): undefined reference to `ros::console::g_initialized'
offboard_node.cpp:(.text._ZNK3ros9Publisher7publishIN13geometry_msgs12PoseStamped_ISaIvEEEEEvRKT_[_ZNK3ros9Publisher7publishIN13geometry_msgs12PoseStamped_ISaIvEEEEEvRKT_]+0x3c0): undefined reference to `ros::console::initialize()'
offboard_node.cpp:(.text._ZNK3ros9Publisher7publishIN13geometry_msgs12PoseStamped_ISaIvEEEEEvRKT_[_ZNK3ros9Publisher7publishIN13geometry_msgs12PoseStamped_ISaIvEEEEEvRKT_]+0x408): undefined reference to `ros::console::initializeLogLocation(ros::console::LogLocation*, std::__cxx11::basic_string<char, std::char_traits<char>, std::allocator<char> > const&, ros::console::levels::Level)'
offboard_node.cpp:(.text._ZNK3ros9Publisher7publishIN13geometry_msgs12PoseStamped_ISaIvEEEEEvRKT_[_ZNK3ros9Publisher7publishIN13geometry_msgs12PoseStamped_ISaIvEEEEEvRKT_]+0x444): undefined reference to `ros::console::setLogLocationLevel(ros::console::LogLocation*, ros::console::levels::Level)'
offboard_node.cpp:(.text._ZNK3ros9Publisher7publishIN13geometry_msgs12PoseStamped_ISaIvEEEEEvRKT_[_ZNK3ros9Publisher7publishIN13geometry_msgs12PoseStamped_ISaIvEEEEEvRKT_]+0x44c): undefined reference to `ros::console::checkLogLocationEnabled(ros::console::LogLocation*)'
offboard_node.cpp:(.text._ZNK3ros9Publisher7publishIN13geometry_msgs12PoseStamped_ISaIvEEEEEvRKT_[_ZNK3ros9Publisher7publishIN13geometry_msgs12PoseStamped_ISaIvEEEEEvRKT_]+0x4c0): undefined reference to `ros::console::print(ros::console::FilterBase*, void*, ros::console::levels::Level, char const*, int, char const*, char const*, ...)'
offboard_node.cpp:(.text._ZNK3ros9Publisher7publishIN13geometry_msgs12PoseStamped_ISaIvEEEEEvRKT_[_ZNK3ros9Publisher7publishIN13geometry_msgs12PoseStamped_ISaIvEEEEEvRKT_]+0x4c4): undefined reference to `ros::console::g_initialized'
offboard_node.cpp:(.text._ZNK3ros9Publisher7publishIN13geometry_msgs12PoseStamped_ISaIvEEEEEvRKT_[_ZNK3ros9Publisher7publishIN13geometry_msgs12PoseStamped_ISaIvEEEEEvRKT_]+0x4c8): undefined reference to `ros::console::g_initialized'
offboard_node.cpp:(.text._ZNK3ros9Publisher7publishIN13geometry_msgs12PoseStamped_ISaIvEEEEEvRKT_[_ZNK3ros9Publisher7publishIN13geometry_msgs12PoseStamped_ISaIvEEEEEvRKT_]+0x4e4): undefined reference to `ros::console::initialize()'
offboard_node.cpp:(.text._ZNK3ros9Publisher7publishIN13geometry_msgs12PoseStamped_ISaIvEEEEEvRKT_[_ZNK3ros9Publisher7publishIN13geometry_msgs12PoseStamped_ISaIvEEEEEvRKT_]+0x52c): undefined reference to `ros::console::initializeLogLocation(ros::console::LogLocation*, std::__cxx11::basic_string<char, std::char_traits<char>, std::allocator<char> > const&, ros::console::levels::Level)'
offboard_node.cpp:(.text._ZNK3ros9Publisher7publishIN13geometry_msgs12PoseStamped_ISaIvEEEEEvRKT_[_ZNK3ros9Publisher7publishIN13geometry_msgs12PoseStamped_ISaIvEEEEEvRKT_]+0x568): undefined reference to `ros::console::setLogLocationLevel(ros::console::LogLocation*, ros::console::levels::Level)'
offboard_node.cpp:(.text._ZNK3ros9Publisher7publishIN13geometry_msgs12PoseStamped_ISaIvEEEEEvRKT_[_ZNK3ros9Publisher7publishIN13geometry_msgs12PoseStamped_ISaIvEEEEEvRKT_]+0x570): undefined reference to `ros::console::checkLogLocationEnabled(ros::console::LogLocation*)'
offboard_node.cpp:(.text._ZNK3ros9Publisher7publishIN13geometry_msgs12PoseStamped_ISaIvEEEEEvRKT_[_ZNK3ros9Publisher7publishIN13geometry_msgs12PoseStamped_ISaIvEEEEEvRKT_]+0x5e4): undefined reference to `ros::console::print(ros::console::FilterBase*, void*, ros::console::levels::Level, char const*, int, char const*, char const*, ...)'
offboard_node.cpp:(.text._ZNK3ros9Publisher7publishIN13geometry_msgs12PoseStamped_ISaIvEEEEEvRKT_[_ZNK3ros9Publisher7publishIN13geometry_msgs12PoseStamped_ISaIvEEEEEvRKT_]+0x5e8): undefined reference to `ros::console::g_initialized'
offboard_node.cpp:(.text._ZNK3ros9Publisher7publishIN13geometry_msgs12PoseStamped_ISaIvEEEEEvRKT_[_ZNK3ros9Publisher7publishIN13geometry_msgs12PoseStamped_ISaIvEEEEEvRKT_]+0x5ec): undefined reference to `ros::console::g_initialized'
offboard_node.cpp:(.text._ZNK3ros9Publisher7publishIN13geometry_msgs12PoseStamped_ISaIvEEEEEvRKT_[_ZNK3ros9Publisher7publishIN13geometry_msgs12PoseStamped_ISaIvEEEEEvRKT_]+0x608): undefined reference to `ros::console::initialize()'
offboard_node.cpp:(.text._ZNK3ros9Publisher7publishIN13geometry_msgs12PoseStamped_ISaIvEEEEEvRKT_[_ZNK3ros9Publisher7publishIN13geometry_msgs12PoseStamped_ISaIvEEEEEvRKT_]+0x650): undefined reference to `ros::console::initializeLogLocation(ros::console::LogLocation*, std::__cxx11::basic_string<char, std::char_traits<char>, std::allocator<char> > const&, ros::console::levels::Level)'
offboard_node.cpp:(.text._ZNK3ros9Publisher7publishIN13geometry_msgs12PoseStamped_ISaIvEEEEEvRKT_[_ZNK3ros9Publisher7publishIN13geometry_msgs12PoseStamped_ISaIvEEEEEvRKT_]+0x68c): undefined reference to `ros::console::setLogLocationLevel(ros::console::LogLocation*, ros::console::levels::Level)'
offboard_node.cpp:(.text._ZNK3ros9Publisher7publishIN13geometry_msgs12PoseStamped_ISaIvEEEEEvRKT_[_ZNK3ros9Publisher7publishIN13geometry_msgs12PoseStamped_ISaIvEEEEEvRKT_]+0x694): undefined reference to `ros::console::checkLogLocationEnabled(ros::console::LogLocation*)'
offboard_node.cpp:(.text._ZNK3ros9Publisher7publishIN13geometry_msgs12PoseStamped_ISaIvEEEEEvRKT_[_ZNK3ros9Publisher7publishIN13geometry_msgs12PoseStamped_ISaIvEEEEEvRKT_]+0x6ec): undefined reference to `ros::console::print(ros::console::FilterBase*, void*, ros::console::levels::Level, char const*, int, char const*, char const*, ...)'
offboard_node.cpp:(.text._ZNK3ros9Publisher7publishIN13geometry_msgs12PoseStamped_ISaIvEEEEEvRKT_[_ZNK3ros9Publisher7publishIN13geometry_msgs12PoseStamped_ISaIvEEEEEvRKT_]+0x7f0): undefined reference to `ros::console::g_initialized'
offboard_node.cpp:(.text._ZNK3ros9Publisher7publishIN13geometry_msgs12PoseStamped_ISaIvEEEEEvRKT_[_ZNK3ros9Publisher7publishIN13geometry_msgs12PoseStamped_ISaIvEEEEEvRKT_]+0x7f4): undefined reference to `ros::console::g_initialized'
offboard_node.cpp:(.text._ZNK3ros9Publisher7publishIN13geometry_msgs12PoseStamped_ISaIvEEEEEvRKT_[_ZNK3ros9Publisher7publishIN13geometry_msgs12PoseStamped_ISaIvEEEEEvRKT_]+0x810): undefined reference to `ros::console::initialize()'
offboard_node.cpp:(.text._ZNK3ros9Publisher7publishIN13geometry_msgs12PoseStamped_ISaIvEEEEEvRKT_[_ZNK3ros9Publisher7publishIN13geometry_msgs12PoseStamped_ISaIvEEEEEvRKT_]+0x858): undefined reference to `ros::console::initializeLogLocation(ros::console::LogLocation*, std::__cxx11::basic_string<char, std::char_traits<char>, std::allocator<char> > const&, ros::console::levels::Level)'
offboard_node.cpp:(.text._ZNK3ros9Publisher7publishIN13geometry_msgs12PoseStamped_ISaIvEEEEEvRKT_[_ZNK3ros9Publisher7publishIN13geometry_msgs12PoseStamped_ISaIvEEEEEvRKT_]+0x894): undefined reference to `ros::console::setLogLocationLevel(ros::console::LogLocation*, ros::console::levels::Level)'
offboard_node.cpp:(.text._ZNK3ros9Publisher7publishIN13geometry_msgs12PoseStamped_ISaIvEEEEEvRKT_[_ZNK3ros9Publisher7publishIN13geometry_msgs12PoseStamped_ISaIvEEEEEvRKT_]+0x89c): undefined reference to `ros::console::checkLogLocationEnabled(ros::console::LogLocation*)'
offboard_node.cpp:(.text._ZNK3ros9Publisher7publishIN13geometry_msgs12PoseStamped_ISaIvEEEEEvRKT_[_ZNK3ros9Publisher7publishIN13geometry_msgs12PoseStamped_ISaIvEEEEEvRKT_]+0x910): undefined reference to `ros::console::print(ros::console::FilterBase*, void*, ros::console::levels::Level, char const*, int, char const*, char const*, ...)'
offboard_node.cpp:(.text._ZNK3ros9Publisher7publishIN13geometry_msgs12PoseStamped_ISaIvEEEEEvRKT_[_ZNK3ros9Publisher7publishIN13geometry_msgs12PoseStamped_ISaIvEEEEEvRKT_]+0x914): undefined reference to `ros::console::g_initialized'
offboard_node.cpp:(.text._ZNK3ros9Publisher7publishIN13geometry_msgs12PoseStamped_ISaIvEEEEEvRKT_[_ZNK3ros9Publisher7publishIN13geometry_msgs12PoseStamped_ISaIvEEEEEvRKT_]+0x918): undefined reference to `ros::console::g_initialized'
offboard_node.cpp:(.text._ZNK3ros9Publisher7publishIN13geometry_msgs12PoseStamped_ISaIvEEEEEvRKT_[_ZNK3ros9Publisher7publishIN13geometry_msgs12PoseStamped_ISaIvEEEEEvRKT_]+0x934): undefined reference to `ros::console::initialize()'
offboard_node.cpp:(.text._ZNK3ros9Publisher7publishIN13geometry_msgs12PoseStamped_ISaIvEEEEEvRKT_[_ZNK3ros9Publisher7publishIN13geometry_msgs12PoseStamped_ISaIvEEEEEvRKT_]+0x97c): undefined reference to `ros::console::initializeLogLocation(ros::console::LogLocation*, std::__cxx11::basic_string<char, std::char_traits<char>, std::allocator<char> > const&, ros::console::levels::Level)'
offboard_node.cpp:(.text._ZNK3ros9Publisher7publishIN13geometry_msgs12PoseStamped_ISaIvEEEEEvRKT_[_ZNK3ros9Publisher7publishIN13geometry_msgs12PoseStamped_ISaIvEEEEEvRKT_]+0x9b8): undefined reference to `ros::console::setLogLocationLevel(ros::console::LogLocation*, ros::console::levels::Level)'
offboard_node.cpp:(.text._ZNK3ros9Publisher7publishIN13geometry_msgs12PoseStamped_ISaIvEEEEEvRKT_[_ZNK3ros9Publisher7publishIN13geometry_msgs12PoseStamped_ISaIvEEEEEvRKT_]+0x9c0): undefined reference to `ros::console::checkLogLocationEnabled(ros::console::LogLocation*)'
offboard_node.cpp:(.text._ZNK3ros9Publisher7publishIN13geometry_msgs12PoseStamped_ISaIvEEEEEvRKT_[_ZNK3ros9Publisher7publishIN13geometry_msgs12PoseStamped_ISaIvEEEEEvRKT_]+0xa70): undefined reference to `ros::console::print(ros::console::FilterBase*, void*, ros::console::levels::Level, char const*, int, char const*, char const*, ...)'
offboard_node.cpp:(.text._ZNK3ros9Publisher7publishIN13geometry_msgs12PoseStamped_ISaIvEEEEEvRKT_[_ZNK3ros9Publisher7publishIN13geometry_msgs12PoseStamped_ISaIvEEEEEvRKT_]+0xa74): undefined reference to `ros::console::g_initialized'
offboard_node.cpp:(.text._ZNK3ros9Publisher7publishIN13geometry_msgs12PoseStamped_ISaIvEEEEEvRKT_[_ZNK3ros9Publisher7publishIN13geometry_msgs12PoseStamped_ISaIvEEEEEvRKT_]+0xa78): undefined reference to `ros::console::g_initialized'
offboard_node.cpp:(.text._ZNK3ros9Publisher7publishIN13geometry_msgs12PoseStamped_ISaIvEEEEEvRKT_[_ZNK3ros9Publisher7publishIN13geometry_msgs12PoseStamped_ISaIvEEEEEvRKT_]+0xa94): undefined reference to `ros::console::initialize()'
offboard_node.cpp:(.text._ZNK3ros9Publisher7publishIN13geometry_msgs12PoseStamped_ISaIvEEEEEvRKT_[_ZNK3ros9Publisher7publishIN13geometry_msgs12PoseStamped_ISaIvEEEEEvRKT_]+0xadc): undefined reference to `ros::console::initializeLogLocation(ros::console::LogLocation*, std::__cxx11::basic_string<char, std::char_traits<char>, std::allocator<char> > const&, ros::console::levels::Level)'
offboard_node.cpp:(.text._ZNK3ros9Publisher7publishIN13geometry_msgs12PoseStamped_ISaIvEEEEEvRKT_[_ZNK3ros9Publisher7publishIN13geometry_msgs12PoseStamped_ISaIvEEEEEvRKT_]+0xb18): undefined reference to `ros::console::setLogLocationLevel(ros::console::LogLocation*, ros::console::levels::Level)'
offboard_node.cpp:(.text._ZNK3ros9Publisher7publishIN13geometry_msgs12PoseStamped_ISaIvEEEEEvRKT_[_ZNK3ros9Publisher7publishIN13geometry_msgs12PoseStamped_ISaIvEEEEEvRKT_]+0xb20): undefined reference to `ros::console::checkLogLocationEnabled(ros::console::LogLocation*)'
offboard_node.cpp:(.text._ZNK3ros9Publisher7publishIN13geometry_msgs12PoseStamped_ISaIvEEEEEvRKT_[_ZNK3ros9Publisher7publishIN13geometry_msgs12PoseStamped_ISaIvEEEEEvRKT_]+0xb78): undefined reference to `ros::console::print(ros::console::FilterBase*, void*, ros::console::levels::Level, char const*, int, char const*, char const*, ...)'
offboard_node.cpp:(.text._ZNK3ros9Publisher7publishIN13geometry_msgs12PoseStamped_ISaIvEEEEEvRKT_[_ZNK3ros9Publisher7publishIN13geometry_msgs12PoseStamped_ISaIvEEEEEvRKT_]+0xbfc): undefined reference to `ros::Publisher::publish(boost::function<ros::SerializedMessage ()> const&, ros::SerializedMessage&) const'
CMakeFiles/offboard_node.dir/src/offboard_node.cpp.o: In function `bool ros::ServiceClient::call<mavros_msgs::SetMode>(mavros_msgs::SetMode&)':
offboard_node.cpp:(.text._ZN3ros13ServiceClient4callIN11mavros_msgs7SetModeEEEbRT_[_ZN3ros13ServiceClient4callIN11mavros_msgs7SetModeEEEbRT_]+0x30): undefined reference to `ros::ServiceClient::isValid() const'
CMakeFiles/offboard_node.dir/src/offboard_node.cpp.o: In function `bool ros::ServiceClient::call<mavros_msgs::CommandBool>(mavros_msgs::CommandBool&)':
offboard_node.cpp:(.text._ZN3ros13ServiceClient4callIN11mavros_msgs11CommandBoolEEEbRT_[_ZN3ros13ServiceClient4callIN11mavros_msgs11CommandBoolEEEbRT_]+0x30): undefined reference to `ros::ServiceClient::isValid() const'
CMakeFiles/offboard_node.dir/src/offboard_node.cpp.o: In function `bool ros::ServiceClient::call<mavros_msgs::SetModeRequest_<std::allocator<void> >, mavros_msgs::SetModeResponse_<std::allocator<void> > >(mavros_msgs::SetModeRequest_<std::allocator<void> > const&, mavros_msgs::SetModeResponse_<std::allocator<void> >&, std::__cxx11::basic_string<char, std::char_traits<char>, std::allocator<char> > const&)':
offboard_node.cpp:(.text._ZN3ros13ServiceClient4callIN11mavros_msgs15SetModeRequest_ISaIvEEENS2_16SetModeResponse_IS4_EEEEbRKT_RT0_RKNSt7__cxx1112basic_stringIcSt11char_traitsIcESaIcEEE[_ZN3ros13ServiceClient4callIN11mavros_msgs15SetModeRequest_ISaIvEEENS2_16SetModeResponse_IS4_EEEEbRKT_RT0_RKNSt7__cxx1112basic_stringIcSt11char_traitsIcESaIcEEE]+0x60): undefined reference to `ros::ServiceClient::call(ros::SerializedMessage const&, ros::SerializedMessage&, std::__cxx11::basic_string<char, std::char_traits<char>, std::allocator<char> > const&)'
CMakeFiles/offboard_node.dir/src/offboard_node.cpp.o: In function `bool ros::ServiceClient::call<mavros_msgs::CommandBoolRequest_<std::allocator<void> >, mavros_msgs::CommandBoolResponse_<std::allocator<void> > >(mavros_msgs::CommandBoolRequest_<std::allocator<void> > const&, mavros_msgs::CommandBoolResponse_<std::allocator<void> >&, std::__cxx11::basic_string<char, std::char_traits<char>, std::allocator<char> > const&)':
offboard_node.cpp:(.text._ZN3ros13ServiceClient4callIN11mavros_msgs19CommandBoolRequest_ISaIvEEENS2_20CommandBoolResponse_IS4_EEEEbRKT_RT0_RKNSt7__cxx1112basic_stringIcSt11char_traitsIcESaIcEEE[_ZN3ros13ServiceClient4callIN11mavros_msgs19CommandBoolRequest_ISaIvEEENS2_20CommandBoolResponse_IS4_EEEEbRKT_RT0_RKNSt7__cxx1112basic_stringIcSt11char_traitsIcESaIcEEE]+0x60): undefined reference to `ros::ServiceClient::call(ros::SerializedMessage const&, ros::SerializedMessage&, std::__cxx11::basic_string<char, std::char_traits<char>, std::allocator<char> > const&)'
CMakeFiles/offboard_node.dir/src/offboard_node.cpp.o: In function `ros::SubscriptionCallbackHelperT<boost::shared_ptr<mavros_msgs::State_<std::allocator<void> > const> const&, void>::deserialize(ros::SubscriptionCallbackHelperDeserializeParams const&)':
offboard_node.cpp:(.text._ZN3ros27SubscriptionCallbackHelperTIRKN5boost10shared_ptrIKN11mavros_msgs6State_ISaIvEEEEEvE11deserializeERKNS_43SubscriptionCallbackHelperDeserializeParamsE[_ZN3ros27SubscriptionCallbackHelperTIRKN5boost10shared_ptrIKN11mavros_msgs6State_ISaIvEEEEEvE11deserializeERKNS_43SubscriptionCallbackHelperDeserializeParamsE]+0x58): undefined reference to `ros::console::g_initialized'
offboard_node.cpp:(.text._ZN3ros27SubscriptionCallbackHelperTIRKN5boost10shared_ptrIKN11mavros_msgs6State_ISaIvEEEEEvE11deserializeERKNS_43SubscriptionCallbackHelperDeserializeParamsE[_ZN3ros27SubscriptionCallbackHelperTIRKN5boost10shared_ptrIKN11mavros_msgs6State_ISaIvEEEEEvE11deserializeERKNS_43SubscriptionCallbackHelperDeserializeParamsE]+0x5c): undefined reference to `ros::console::g_initialized'
offboard_node.cpp:(.text._ZN3ros27SubscriptionCallbackHelperTIRKN5boost10shared_ptrIKN11mavros_msgs6State_ISaIvEEEEEvE11deserializeERKNS_43SubscriptionCallbackHelperDeserializeParamsE[_ZN3ros27SubscriptionCallbackHelperTIRKN5boost10shared_ptrIKN11mavros_msgs6State_ISaIvEEEEEvE11deserializeERKNS_43SubscriptionCallbackHelperDeserializeParamsE]+0x78): undefined reference to `ros::console::initialize()'
offboard_node.cpp:(.text._ZN3ros27SubscriptionCallbackHelperTIRKN5boost10shared_ptrIKN11mavros_msgs6State_ISaIvEEEEEvE11deserializeERKNS_43SubscriptionCallbackHelperDeserializeParamsE[_ZN3ros27SubscriptionCallbackHelperTIRKN5boost10shared_ptrIKN11mavros_msgs6State_ISaIvEEEEEvE11deserializeERKNS_43SubscriptionCallbackHelperDeserializeParamsE]+0xc0): undefined reference to `ros::console::initializeLogLocation(ros::console::LogLocation*, std::__cxx11::basic_string<char, std::char_traits<char>, std::allocator<char> > const&, ros::console::levels::Level)'
offboard_node.cpp:(.text._ZN3ros27SubscriptionCallbackHelperTIRKN5boost10shared_ptrIKN11mavros_msgs6State_ISaIvEEEEEvE11deserializeERKNS_43SubscriptionCallbackHelperDeserializeParamsE[_ZN3ros27SubscriptionCallbackHelperTIRKN5boost10shared_ptrIKN11mavros_msgs6State_ISaIvEEEEEvE11deserializeERKNS_43SubscriptionCallbackHelperDeserializeParamsE]+0xfc): undefined reference to `ros::console::setLogLocationLevel(ros::console::LogLocation*, ros::console::levels::Level)'
offboard_node.cpp:(.text._ZN3ros27SubscriptionCallbackHelperTIRKN5boost10shared_ptrIKN11mavros_msgs6State_ISaIvEEEEEvE11deserializeERKNS_43SubscriptionCallbackHelperDeserializeParamsE[_ZN3ros27SubscriptionCallbackHelperTIRKN5boost10shared_ptrIKN11mavros_msgs6State_ISaIvEEEEEvE11deserializeERKNS_43SubscriptionCallbackHelperDeserializeParamsE]+0x104): undefined reference to `ros::console::checkLogLocationEnabled(ros::console::LogLocation*)'
offboard_node.cpp:(.text._ZN3ros27SubscriptionCallbackHelperTIRKN5boost10shared_ptrIKN11mavros_msgs6State_ISaIvEEEEEvE11deserializeERKNS_43SubscriptionCallbackHelperDeserializeParamsE[_ZN3ros27SubscriptionCallbackHelperTIRKN5boost10shared_ptrIKN11mavros_msgs6State_ISaIvEEEEEvE11deserializeERKNS_43SubscriptionCallbackHelperDeserializeParamsE]+0x188): undefined reference to `ros::console::print(ros::console::FilterBase*, void*, ros::console::levels::Level, char const*, int, char const*, char const*, ...)'
collect2: error: ld returned 1 exit status
make[2]: *** [/home/nvidia/kd_px4_can/devel/.private/offboard_pkg/lib/offboard_pkg/offboard_node] Error 1
make[1]: *** [CMakeFiles/offboard_node.dir/all] Error 2
make: *** [all] Error 2
