[  0%] Built target _canopen_chain_node_generate_messages_check_deps_GetObject
[  0%] Built target _canopen_chain_node_generate_messages_check_deps_SetObject
[  0%] Built target roscpp_generate_messages_py
[  0%] Built target rosgraph_msgs_generate_messages_eus
[  0%] Built target std_srvs_generate_messages_cpp
[  0%] Built target rosgraph_msgs_generate_messages_lisp
[  0%] Built target std_msgs_generate_messages_py
[  0%] Built target std_srvs_generate_messages_py
[  0%] Built target std_msgs_generate_messages_eus
[  0%] Built target std_srvs_generate_messages_lisp
[  0%] Built target roscpp_generate_messages_lisp
[  0%] Built target roscpp_generate_messages_cpp
[  0%] Built target std_msgs_generate_messages_cpp
[  0%] Built target rosgraph_msgs_generate_messages_cpp
[  0%] Built target diagnostic_msgs_generate_messages_eus
[  0%] Built target std_msgs_generate_messages_lisp
[  0%] Built target diagnostic_msgs_generate_messages_cpp
[ 10%] Built target canopen_chain_node_generate_messages_nodejs
[ 10%] Built target roscpp_generate_messages_eus
[ 10%] Built target diagnostic_msgs_generate_messages_lisp
[ 10%] Built target diagnostic_msgs_generate_messages_nodejs
[ 10%] Built target std_msgs_generate_messages_nodejs
[ 10%] Built target rosgraph_msgs_generate_messages_py
[ 10%] Built target diagnostic_msgs_generate_messages_py
[ 10%] Built target roscpp_generate_messages_nodejs
[ 10%] Built target rosgraph_msgs_generate_messages_nodejs
[ 10%] Built target std_srvs_generate_messages_eus
[ 10%] Built target std_srvs_generate_messages_nodejs
[ 20%] Built target canopen_chain_node_generate_messages_cpp
[ 35%] Built target canopen_chain_node_generate_messages_eus
[ 45%] Built target canopen_chain_node_generate_messages_lisp
[ 60%] Built target canopen_sync_node
[ 75%] Built target canopen_chain_node_generate_messages_py
[ 90%] Built target canopen_ros_chain
[ 90%] Built target canopen_chain_node_generate_messages
[100%] Built target canopen_chain_node
