Determining if the pthread_create exist failed with the following output:
Change Dir: /home/nvidia/kd_px4_can/build/canopen_master/CMakeFiles/CMakeTmp

Run Build Command:"/usr/bin/make" "cmTC_91038/fast"
/usr/bin/make -f CMakeFiles/cmTC_91038.dir/build.make CMakeFiles/cmTC_91038.dir/build
make[1]: Entering directory '/home/nvidia/kd_px4_can/build/canopen_master/CMakeFiles/CMakeTmp'
Building C object CMakeFiles/cmTC_91038.dir/CheckSymbolExists.c.o
/usr/bin/cc     -o CMakeFiles/cmTC_91038.dir/CheckSymbolExists.c.o   -c /home/nvidia/kd_px4_can/build/canopen_master/CMakeFiles/CMakeTmp/CheckSymbolExists.c
Linking C executable cmTC_91038
/usr/bin/cmake -E cmake_link_script CMakeFiles/cmTC_91038.dir/link.txt --verbose=1
/usr/bin/cc       CMakeFiles/cmTC_91038.dir/CheckSymbolExists.c.o  -o cmTC_91038 -rdynamic 
CMakeFiles/cmTC_91038.dir/CheckSymbolExists.c.o: In function `main':
CheckSymbolExists.c:(.text+0x14): undefined reference to `pthread_create'
CheckSymbolExists.c:(.text+0x18): undefined reference to `pthread_create'
collect2: error: ld returned 1 exit status
CMakeFiles/cmTC_91038.dir/build.make:97: recipe for target 'cmTC_91038' failed
make[1]: *** [cmTC_91038] Error 1
make[1]: Leaving directory '/home/nvidia/kd_px4_can/build/canopen_master/CMakeFiles/CMakeTmp'
Makefile:126: recipe for target 'cmTC_91038/fast' failed
make: *** [cmTC_91038/fast] Error 2

File /home/nvidia/kd_px4_can/build/canopen_master/CMakeFiles/CMakeTmp/CheckSymbolExists.c:
/* */
#include <pthread.h>

int main(int argc, char** argv)
{
  (void)argv;
#ifndef pthread_create
  return ((int*)(&pthread_create))[argc];
#else
  (void)argc;
  return 0;
#endif
}

Determining if the function pthread_create exists in the pthreads failed with the following output:
Change Dir: /home/nvidia/kd_px4_can/build/canopen_master/CMakeFiles/CMakeTmp

Run Build Command:"/usr/bin/make" "cmTC_99a16/fast"
/usr/bin/make -f CMakeFiles/cmTC_99a16.dir/build.make CMakeFiles/cmTC_99a16.dir/build
make[1]: Entering directory '/home/nvidia/kd_px4_can/build/canopen_master/CMakeFiles/CMakeTmp'
Building C object CMakeFiles/cmTC_99a16.dir/CheckFunctionExists.c.o
/usr/bin/cc    -DCHECK_FUNCTION_EXISTS=pthread_create   -o CMakeFiles/cmTC_99a16.dir/CheckFunctionExists.c.o   -c /usr/share/cmake-3.5/Modules/CheckFunctionExists.c
Linking C executable cmTC_99a16
/usr/bin/cmake -E cmake_link_script CMakeFiles/cmTC_99a16.dir/link.txt --verbose=1
/usr/bin/cc   -DCHECK_FUNCTION_EXISTS=pthread_create    CMakeFiles/cmTC_99a16.dir/CheckFunctionExists.c.o  -o cmTC_99a16 -rdynamic -lpthreads 
/usr/bin/ld: cannot find -lpthreads
collect2: error: ld returned 1 exit status
CMakeFiles/cmTC_99a16.dir/build.make:97: recipe for target 'cmTC_99a16' failed
make[1]: *** [cmTC_99a16] Error 1
make[1]: Leaving directory '/home/nvidia/kd_px4_can/build/canopen_master/CMakeFiles/CMakeTmp'
Makefile:126: recipe for target 'cmTC_99a16/fast' failed
make: *** [cmTC_99a16/fast] Error 2


