[  0%] Built target std_msgs_generate_messages_nodejs
[  0%] Built target roscpp_generate_messages_py
[  0%] Built target roscpp_generate_messages_nodejs
[  0%] Built target rosgraph_msgs_generate_messages_lisp
[  0%] Built target rosgraph_msgs_generate_messages_py
[  0%] Built target roscpp_generate_messages_eus
[  0%] Built target std_msgs_generate_messages_py
[  0%] Built target std_msgs_generate_messages_eus
[  0%] Built target roscpp_generate_messages_lisp
[  0%] Built target roscpp_generate_messages_cpp
[  0%] Built target can_msgs_generate_messages_lisp
[  0%] Built target std_msgs_generate_messages_cpp
[  0%] Built target rosgraph_msgs_generate_messages_cpp
[  0%] Built target can_msgs_generate_messages_py
[  0%] Built target rosgraph_msgs_generate_messages_eus
[  0%] Built target std_msgs_generate_messages_lisp
[  0%] Built target can_msgs_generate_messages_nodejs
[  0%] Built target can_msgs_generate_messages_cpp
[  0%] Built target can_msgs_generate_messages_eus
[  0%] Built target rosgraph_msgs_generate_messages_nodejs
[35m[1mScanning dependencies of target topic_to_socketcan[0m
[ 25%] Built target socketcan_to_topic
[ 33%] [32mBuilding CXX object CMakeFiles/topic_to_socketcan.dir/src/topic_to_socketcan.cpp.o[0m
[ 50%] Built target socketcan_to_topic_node
[ 58%] [32m[1mLinking CXX shared library /home/nvidia/kd_px4_can/devel/.private/socketcan_bridge/lib/libtopic_to_socketcan.so[0m
[ 66%] Built target topic_to_socketcan
[ 83%] [32m[1mLinking CXX executable /home/nvidia/kd_px4_can/devel/.private/socketcan_bridge/lib/socketcan_bridge/socketcan_bridge_node[0m
[ 83%] [32m[1mLinking CXX executable /home/nvidia/kd_px4_can/devel/.private/socketcan_bridge/lib/socketcan_bridge/topic_to_socketcan_node[0m
[ 91%] Built target topic_to_socketcan_node
[100%] Built target socketcan_bridge_node
