Determining if the pthread_create exist failed with the following output:
Change Dir: /home/nvidia/kd_px4_can/build/socketcan_interface/CMakeFiles/CMakeTmp

Run Build Command:"/usr/bin/make" "cmTC_7729f/fast"
/usr/bin/make -f CMakeFiles/cmTC_7729f.dir/build.make CMakeFiles/cmTC_7729f.dir/build
make[1]: Entering directory '/home/nvidia/kd_px4_can/build/socketcan_interface/CMakeFiles/CMakeTmp'
Building C object CMakeFiles/cmTC_7729f.dir/CheckSymbolExists.c.o
/usr/bin/cc     -o CMakeFiles/cmTC_7729f.dir/CheckSymbolExists.c.o   -c /home/nvidia/kd_px4_can/build/socketcan_interface/CMakeFiles/CMakeTmp/CheckSymbolExists.c
Linking C executable cmTC_7729f
/usr/bin/cmake -E cmake_link_script CMakeFiles/cmTC_7729f.dir/link.txt --verbose=1
/usr/bin/cc       CMakeFiles/cmTC_7729f.dir/CheckSymbolExists.c.o  -o cmTC_7729f -rdynamic 
CMakeFiles/cmTC_7729f.dir/CheckSymbolExists.c.o: In function `main':
CheckSymbolExists.c:(.text+0x14): undefined reference to `pthread_create'
CheckSymbolExists.c:(.text+0x18): undefined reference to `pthread_create'
collect2: error: ld returned 1 exit status
CMakeFiles/cmTC_7729f.dir/build.make:97: recipe for target 'cmTC_7729f' failed
make[1]: *** [cmTC_7729f] Error 1
make[1]: Leaving directory '/home/nvidia/kd_px4_can/build/socketcan_interface/CMakeFiles/CMakeTmp'
Makefile:126: recipe for target 'cmTC_7729f/fast' failed
make: *** [cmTC_7729f/fast] Error 2

File /home/nvidia/kd_px4_can/build/socketcan_interface/CMakeFiles/CMakeTmp/CheckSymbolExists.c:
/* */
#include <pthread.h>

int main(int argc, char** argv)
{
  (void)argv;
#ifndef pthread_create
  return ((int*)(&pthread_create))[argc];
#else
  (void)argc;
  return 0;
#endif
}

Determining if the function pthread_create exists in the pthreads failed with the following output:
Change Dir: /home/nvidia/kd_px4_can/build/socketcan_interface/CMakeFiles/CMakeTmp

Run Build Command:"/usr/bin/make" "cmTC_a7758/fast"
/usr/bin/make -f CMakeFiles/cmTC_a7758.dir/build.make CMakeFiles/cmTC_a7758.dir/build
make[1]: Entering directory '/home/nvidia/kd_px4_can/build/socketcan_interface/CMakeFiles/CMakeTmp'
Building C object CMakeFiles/cmTC_a7758.dir/CheckFunctionExists.c.o
/usr/bin/cc    -DCHECK_FUNCTION_EXISTS=pthread_create   -o CMakeFiles/cmTC_a7758.dir/CheckFunctionExists.c.o   -c /usr/share/cmake-3.5/Modules/CheckFunctionExists.c
Linking C executable cmTC_a7758
/usr/bin/cmake -E cmake_link_script CMakeFiles/cmTC_a7758.dir/link.txt --verbose=1
/usr/bin/cc   -DCHECK_FUNCTION_EXISTS=pthread_create    CMakeFiles/cmTC_a7758.dir/CheckFunctionExists.c.o  -o cmTC_a7758 -rdynamic -lpthreads 
/usr/bin/ld: cannot find -lpthreads
collect2: error: ld returned 1 exit status
CMakeFiles/cmTC_a7758.dir/build.make:97: recipe for target 'cmTC_a7758' failed
make[1]: *** [cmTC_a7758] Error 1
make[1]: Leaving directory '/home/nvidia/kd_px4_can/build/socketcan_interface/CMakeFiles/CMakeTmp'
Makefile:126: recipe for target 'cmTC_a7758/fast' failed
make: *** [cmTC_a7758/fast] Error 2


